<?xml version="1.0" encoding="UTF-8"?>
<!-- Generated by org.testng.reporters.JUnitReportReporter -->
<testsuite skipped="0" hostname="LAPTOP-OUROT4H1" name="executionEngine.DriverScript" tests="1" failures="0" timestamp="13 Sep 2017 20:00:10 GMT" time="16.782" errors="0">
  <testcase name="TC_1" time="16.782" classname="executionEngine.DriverScript"/>
</testsuite> <!-- executionEngine.DriverScript -->
